<?xml version="1.0" encoding="UTF-8"?>
<!-- Generated by org.testng.reporters.JUnitReportReporter -->
<testsuite hostname="DESKTOP-4AI5N7R" failures="0" tests="4" name="Runner.DashboardRunner" time="151.746" errors="0" timestamp="2023-11-29T20:00:08 IST" skipped="0">
  <testcase classname="Runner.DashboardRunner" name="runScenario" time="21.035"/>
  <system-out/>
  <testcase classname="Runner.DashboardRunner" name="runScenario" time="22.600"/>
  <system-out/>
  <testcase classname="Runner.DashboardRunner" name="runScenario" time="24.167"/>
  <system-out/>
  <testcase classname="Runner.DashboardRunner" name="runScenario" time="83.944"/>
  <system-out/>
</testsuite> <!-- Runner.DashboardRunner -->
