<?xml version="1.0" encoding="UTF-8"?>
<!-- Generated by org.testng.reporters.JUnitReportReporter -->
<testsuite hostname="DESKTOP-4AI5N7R" failures="0" tests="1" name="Runner.loginRunner" time="35.815" errors="0" timestamp="2023-11-29T23:12:29 IST" skipped="0">
  <testcase classname="Runner.loginRunner" name="runScenario" time="35.815"/>
  <system-out/>
</testsuite> <!-- Runner.loginRunner -->
