<?xml version="1.0" encoding="UTF-8"?>
<!-- Generated by org.testng.reporters.JUnitReportReporter -->
<testsuite hostname="DESKTOP-4AI5N7R" failures="0" tests="3" name="Runner.AdminRunner" time="126.263" errors="0" timestamp="2023-11-29T23:15:24 IST" skipped="0">
  <testcase classname="Runner.AdminRunner" name="runScenario" time="39.133"/>
  <system-out/>
  <testcase classname="Runner.AdminRunner" name="runScenario" time="49.627"/>
  <system-out/>
  <testcase classname="Runner.AdminRunner" name="runScenario" time="37.503"/>
  <system-out/>
</testsuite> <!-- Runner.AdminRunner -->
